platforms/android/app/build/outputs/logs/manifest-merger-release-report.txt
-- Merging decision tree log ---
manifest
ADDED from src\main\AndroidManifest.xml:2:1-45:12
INJECTED from src\main\AndroidManifest.xml:2:1-45:12
INJECTED from src\main\AndroidManifest.xml:2:1-45:12
INJECTED from src\main\AndroidManifest.xml:2:1-45:12
MERGED from [net.gotev:uploadservice:3.4.2] AndroidManifest.xml:2:1-24:12
MERGED from [co.fitcom:fancydownloader:0.6.3] AndroidManifest.xml:2:1-21:12
MERGED from [com.android.support:multidex:1.0.2] AndroidManifest.xml:17:1-22:12
MERGED from [com.android.support:support-v4:28.0.0] AndroidManifest.xml:17:1-22:12
MERGED from [com.android.support:design:28.0.0] AndroidManifest.xml:17:1-24:12
MERGED from [com.android.support:appcompat-v7:28.0.0] AndroidManifest.xml:17:1-22:12
MERGED from [:nativescript-optimized:] AndroidManifest.xml:2:1-11:12
MERGED from [:nativescript_background_http:] AndroidManifest.xml:2:1-25:12
MERGED from [:nativescript_bluetooth:] AndroidManifest.xml:2:1-17:12
MERGED from [:nativescript_camera:] AndroidManifest.xml:2:1-25:12
MERGED from [:nativescript_downloader:] AndroidManifest.xml:2:1-13:12
MERGED from [:nativescript_imagepicker:] AndroidManifest.xml:2:1-11:12
MERGED from [:nativescript_telephony:] AndroidManifest.xml:2:1-11:12
MERGED from [:nativescript_vibrate:] AndroidManifest.xml:2:1-11:12
MERGED from [:widgets-release:] AndroidManifest.xml:2:1-14:12
MERGED from [com.android.support:support-media-compat:28.0.0] AndroidManifest.xml:17:1-22:12
MERGED from [com.android.support:support-fragment:28.0.0] AndroidManifest.xml:17:1-22:12
MERGED from [com.android.support:animated-vector-drawable:28.0.0] AndroidManifest.xml:17:1-22:12
MERGED from [com.android.support:recyclerview-v7:28.0.0] AndroidManifest.xml:17:1-22:12
MERGED from [com.android.support:support-core-ui:28.0.0] AndroidManifest.xml:17:1-22:12
MERGED from [com.android.support:support-core-utils:28.0.0] AndroidManifest.xml:17:1-22:12
MERGED from [com.android.support:support-vector-drawable:28.0.0] AndroidManifest.xml:17:1-22:12
MERGED from [com.android.support:transition:28.0.0] AndroidManifest.xml:17:1-22:12
MERGED from [com.android.support:loader:28.0.0] AndroidManifest.xml:17:1-22:12
MERGED from [com.android.support:viewpager:28.0.0] AndroidManifest.xml:17:1-22:12
MERGED from [com.android.support:coordinatorlayout:28.0.0] AndroidManifest.xml:17:1-22:12
MERGED from [com.android.support:drawerlayout:28.0.0] AndroidManifest.xml:17:1-22:12
MERGED from [com.android.support:slidingpanelayout:28.0.0] AndroidManifest.xml:17:1-22:12
MERGED from [com.android.support:customview:28.0.0] AndroidManifest.xml:17:1-22:12
MERGED from [com.android.support:swiperefreshlayout:28.0.0] AndroidManifest.xml:17:1-22:12
MERGED from [com.android.support:asynclayoutinflater:28.0.0] AndroidManifest.xml:17:1-22:12
MERGED from [com.android.support:support-compat:28.0.0] AndroidManifest.xml:17:1-24:12
MERGED from [com.android.support:versionedparcelable:28.0.0] AndroidManifest.xml:17:1-25:12
MERGED from [com.android.support:cursoradapter:28.0.0] AndroidManifest.xml:17:1-22:12
MERGED from [com.android.support:cardview-v7:28.0.0] AndroidManifest.xml:17:1-22:12
MERGED from [android.arch.lifecycle:runtime:1.1.1] AndroidManifest.xml:17:1-22:12
MERGED from [com.android.support:documentfile:28.0.0] AndroidManifest.xml:17:1-22:12
MERGED from [com.android.support:localbroadcastmanager:28.0.0] AndroidManifest.xml:17:1-22:12
MERGED from [com.android.support:print:28.0.0] AndroidManifest.xml:17:1-22:12
MERGED from [com.android.support:interpolator:28.0.0] AndroidManifest.xml:17:1-22:12
MERGED from [android.arch.lifecycle:viewmodel:1.1.1] AndroidManifest.xml:17:1-22:12
MERGED from [android.arch.lifecycle:livedata:1.1.1] AndroidManifest.xml:17:1-22:12
MERGED from [android.arch.lifecycle:livedata-core:1.1.1] AndroidManifest.xml:17:1-22:12
MERGED from [android.arch.core:runtime:1.1.1] AndroidManifest.xml:17:1-22:12
INJECTED from src\main\AndroidManifest.xml:2:1-45:12
INJECTED from src\main\AndroidManifest.xml:2:1-45:12
INJECTED from src\main\AndroidManifest.xml:2:1-45:12
	package
		ADDED from src\main\AndroidManifest.xml:3:2-39
		INJECTED from src\main\AndroidManifest.xml
		INJECTED from src\main\AndroidManifest.xml
	android:versionName
		ADDED from src\main\AndroidManifest.xml:5:2-27
		INJECTED from src\main\AndroidManifest.xml
		INJECTED from src\main\AndroidManifest.xml
	xmlns:android
		ADDED from src\main\AndroidManifest.xml:2:11-69
	android:versionCode
		ADDED from src\main\AndroidManifest.xml:4:2-25
		INJECTED from src\main\AndroidManifest.xml
		INJECTED from src\main\AndroidManifest.xml
supports-screens
ADDED from src\main\AndroidManifest.xml:7:2-11:33
	android:largeScreens
		ADDED from src\main\AndroidManifest.xml:10:3-30
	android:smallScreens
		ADDED from src\main\AndroidManifest.xml:8:3-30
	android:normalScreens
		ADDED from src\main\AndroidManifest.xml:9:3-31
	android:xlargeScreens
		ADDED from src\main\AndroidManifest.xml:11:3-31
uses-permission#android.permission.READ_PHONE_STATE
ADDED from src\main\AndroidManifest.xml:12:2-71
MERGED from [:nativescript_telephony:] AndroidManifest.xml:9:5-75
MERGED from [:nativescript_telephony:] AndroidManifest.xml:9:5-75
	android:name
		ADDED from src\main\AndroidManifest.xml:12:19-69
uses-permission#android.permission.READ_EXTERNAL_STORAGE
ADDED from src\main\AndroidManifest.xml:13:2-76
MERGED from [net.gotev:uploadservice:3.4.2] AndroidManifest.xml:12:5-80
MERGED from [net.gotev:uploadservice:3.4.2] AndroidManifest.xml:12:5-80
MERGED from [co.fitcom:fancydownloader:0.6.3] AndroidManifest.xml:11:5-80
MERGED from [co.fitcom:fancydownloader:0.6.3] AndroidManifest.xml:11:5-80
MERGED from [:nativescript_downloader:] AndroidManifest.xml:9:5-80
MERGED from [:nativescript_downloader:] AndroidManifest.xml:9:5-80
MERGED from [:nativescript_imagepicker:] AndroidManifest.xml:9:5-80
MERGED from [:nativescript_imagepicker:] AndroidManifest.xml:9:5-80
	android:name
		ADDED from src\main\AndroidManifest.xml:13:19-74
uses-permission#android.permission.WRITE_EXTERNAL_STORAGE
ADDED from src\main\AndroidManifest.xml:14:2-77
MERGED from [net.gotev:uploadservice:3.4.2] AndroidManifest.xml:13:5-81
MERGED from [net.gotev:uploadservice:3.4.2] AndroidManifest.xml:13:5-81
MERGED from [co.fitcom:fancydownloader:0.6.3] AndroidManifest.xml:12:5-81
MERGED from [co.fitcom:fancydownloader:0.6.3] AndroidManifest.xml:12:5-81
MERGED from [:nativescript_background_http:] AndroidManifest.xml:11:5-81
MERGED from [:nativescript_background_http:] AndroidManifest.xml:11:5-81
MERGED from [:nativescript_downloader:] AndroidManifest.xml:10:5-81
MERGED from [:nativescript_downloader:] AndroidManifest.xml:10:5-81
	android:name
		ADDED from src\main\AndroidManifest.xml:14:19-75
uses-permission#android.permission.INTERNET
ADDED from src\main\AndroidManifest.xml:15:2-63
MERGED from [net.gotev:uploadservice:3.4.2] AndroidManifest.xml:11:5-67
MERGED from [net.gotev:uploadservice:3.4.2] AndroidManifest.xml:11:5-67
MERGED from [co.fitcom:fancydownloader:0.6.3] AndroidManifest.xml:13:5-67
MERGED from [co.fitcom:fancydownloader:0.6.3] AndroidManifest.xml:13:5-67
MERGED from [:nativescript_background_http:] AndroidManifest.xml:10:5-67
MERGED from [:nativescript_background_http:] AndroidManifest.xml:10:5-67
MERGED from [:nativescript_downloader:] AndroidManifest.xml:11:5-67
MERGED from [:nativescript_downloader:] AndroidManifest.xml:11:5-67
	android:name
		ADDED from src\main\AndroidManifest.xml:15:19-61
uses-permission#android.permission.ACCESS_FINE_LOCATION
ADDED from src\main\AndroidManifest.xml:16:2-76
	android:name
		ADDED from src\main\AndroidManifest.xml:16:19-73
uses-permission#android.permission.ACCESS_COARSE_LOCATION
ADDED from src\main\AndroidManifest.xml:17:2-78
MERGED from [:nativescript_bluetooth:] AndroidManifest.xml:11:5-81
MERGED from [:nativescript_bluetooth:] AndroidManifest.xml:11:5-81
	android:name
		ADDED from src\main\AndroidManifest.xml:17:19-75
uses-permission#android.permission.ACCESS_WIFI_STATE
ADDED from src\main\AndroidManifest.xml:18:2-89
	android:name
		ADDED from src\main\AndroidManifest.xml:18:19-70
uses-permission#android.permission.ACCESS_NETWORK_STATE
ADDED from src\main\AndroidManifest.xml:19:2-76
	android:name
		ADDED from src\main\AndroidManifest.xml:19:19-73
uses-permission#android.permission.ACCESS_LOCATION_EXTRA_COMMANDS
ADDED from src\main\AndroidManifest.xml:20:2-86
	android:name
		ADDED from src\main\AndroidManifest.xml:20:19-83
application
ADDED from src\main\AndroidManifest.xml:22:2-44:16
MERGED from [net.gotev:uploadservice:3.4.2] AndroidManifest.xml:16:5-22:19
MERGED from [net.gotev:uploadservice:3.4.2] AndroidManifest.xml:16:5-22:19
MERGED from [co.fitcom:fancydownloader:0.6.3] AndroidManifest.xml:15:5-19:19
MERGED from [co.fitcom:fancydownloader:0.6.3] AndroidManifest.xml:15:5-19:19
MERGED from [com.android.support:design:28.0.0] AndroidManifest.xml:22:5-20
MERGED from [com.android.support:design:28.0.0] AndroidManifest.xml:22:5-20
MERGED from [:nativescript_background_http:] AndroidManifest.xml:14:5-23:19
MERGED from [:nativescript_background_http:] AndroidManifest.xml:14:5-23:19
MERGED from [:nativescript_camera:] AndroidManifest.xml:12:5-23:19
MERGED from [:nativescript_camera:] AndroidManifest.xml:12:5-23:19
MERGED from [:widgets-release:] AndroidManifest.xml:11:5-12:19
MERGED from [:widgets-release:] AndroidManifest.xml:11:5-12:19
MERGED from [com.android.support:support-compat:28.0.0] AndroidManifest.xml:22:5-94
MERGED from [com.android.support:support-compat:28.0.0] AndroidManifest.xml:22:5-94
MERGED from [com.android.support:versionedparcelable:28.0.0] AndroidManifest.xml:22:5-23:19
MERGED from [com.android.support:versionedparcelable:28.0.0] AndroidManifest.xml:22:5-23:19
	android:appComponentFactory
		ADDED from [com.android.support:support-compat:28.0.0] AndroidManifest.xml:22:18-91
	android:label
		ADDED from src\main\AndroidManifest.xml:26:3-35
	android:icon
		ADDED from src\main\AndroidManifest.xml:25:3-32
	android:allowBackup
		ADDED from src\main\AndroidManifest.xml:24:3-29
	android:theme
		ADDED from src\main\AndroidManifest.xml:27:3-34
	android:name
		ADDED from src\main\AndroidManifest.xml:23:3-49
activity#com.tns.NativeScriptActivity
ADDED from src\main\AndroidManifest.xml:29:3-42:14
	android:label
		ADDED from src\main\AndroidManifest.xml:32:4-49
	android:configChanges
		ADDED from src\main\AndroidManifest.xml:33:4-120
	android:theme
		ADDED from src\main\AndroidManifest.xml:34:4-44
	android:name
		ADDED from src\main\AndroidManifest.xml:31:4-47
meta-data#SET_THEME_ON_LAUNCH
ADDED from src\main\AndroidManifest.xml:36:4-87
	android:resource
		ADDED from src\main\AndroidManifest.xml:36:50-84
	android:name
		ADDED from src\main\AndroidManifest.xml:36:15-49
intent-filter#action:name:android.intent.action.MAIN+category:name:android.intent.category.LAUNCHER
ADDED from src\main\AndroidManifest.xml:38:4-41:20
action#android.intent.action.MAIN
ADDED from src\main\AndroidManifest.xml:39:5-57
	android:name
		ADDED from src\main\AndroidManifest.xml:39:13-54
category#android.intent.category.LAUNCHER
ADDED from src\main\AndroidManifest.xml:40:5-65
	android:name
		ADDED from src\main\AndroidManifest.xml:40:15-62
activity#com.tns.ErrorReportActivity
ADDED from src\main\AndroidManifest.xml:43:3-57
	android:name
		ADDED from src\main\AndroidManifest.xml:43:13-55
uses-sdk
INJECTED from src\main\AndroidManifest.xml reason: use-sdk injection requested
INJECTED from src\main\AndroidManifest.xml
INJECTED from src\main\AndroidManifest.xml
MERGED from [net.gotev:uploadservice:3.4.2] AndroidManifest.xml:7:5-9:41
MERGED from [net.gotev:uploadservice:3.4.2] AndroidManifest.xml:7:5-9:41
MERGED from [co.fitcom:fancydownloader:0.6.3] AndroidManifest.xml:7:5-9:41
MERGED from [co.fitcom:fancydownloader:0.6.3] AndroidManifest.xml:7:5-9:41
MERGED from [com.android.support:multidex:1.0.2] AndroidManifest.xml:20:5-43
MERGED from [com.android.support:multidex:1.0.2] AndroidManifest.xml:20:5-43
MERGED from [com.android.support:support-v4:28.0.0] AndroidManifest.xml:20:5-44
MERGED from [com.android.support:support-v4:28.0.0] AndroidManifest.xml:20:5-44
MERGED from [com.android.support:design:28.0.0] AndroidManifest.xml:20:5-44
MERGED from [com.android.support:design:28.0.0] AndroidManifest.xml:20:5-44
MERGED from [com.android.support:appcompat-v7:28.0.0] AndroidManifest.xml:20:5-44
MERGED from [com.android.support:appcompat-v7:28.0.0] AndroidManifest.xml:20:5-44
MERGED from [:nativescript-optimized:] AndroidManifest.xml:7:5-9:41
MERGED from [:nativescript-optimized:] AndroidManifest.xml:7:5-9:41
MERGED from [:nativescript_background_http:] AndroidManifest.xml:7:5-47
MERGED from [:nativescript_background_http:] AndroidManifest.xml:7:5-47
MERGED from [:nativescript_bluetooth:] AndroidManifest.xml:7:5-47
MERGED from [:nativescript_bluetooth:] AndroidManifest.xml:7:5-47
MERGED from [:nativescript_camera:] AndroidManifest.xml:8:5-47
MERGED from [:nativescript_camera:] AndroidManifest.xml:8:5-47
MERGED from [:nativescript_downloader:] AndroidManifest.xml:7:5-47
MERGED from [:nativescript_downloader:] AndroidManifest.xml:7:5-47
MERGED from [:nativescript_imagepicker:] AndroidManifest.xml:7:5-47
MERGED from [:nativescript_imagepicker:] AndroidManifest.xml:7:5-47
MERGED from [:nativescript_telephony:] AndroidManifest.xml:7:5-47
MERGED from [:nativescript_telephony:] AndroidManifest.xml:7:5-47
MERGED from [:nativescript_vibrate:] AndroidManifest.xml:7:5-47
MERGED from [:nativescript_vibrate:] AndroidManifest.xml:7:5-47
MERGED from [:widgets-release:] AndroidManifest.xml:7:5-9:41
MERGED from [:widgets-release:] AndroidManifest.xml:7:5-9:41
MERGED from [com.android.support:support-media-compat:28.0.0] AndroidManifest.xml:20:5-44
MERGED from [com.android.support:support-media-compat:28.0.0] AndroidManifest.xml:20:5-44
MERGED from [com.android.support:support-fragment:28.0.0] AndroidManifest.xml:20:5-44
MERGED from [com.android.support:support-fragment:28.0.0] AndroidManifest.xml:20:5-44
MERGED from [com.android.support:animated-vector-drawable:28.0.0] AndroidManifest.xml:20:5-44
MERGED from [com.android.support:animated-vector-drawable:28.0.0] AndroidManifest.xml:20:5-44
MERGED from [com.android.support:recyclerview-v7:28.0.0] AndroidManifest.xml:20:5-44
MERGED from [com.android.support:recyclerview-v7:28.0.0] AndroidManifest.xml:20:5-44
MERGED from [com.android.support:support-core-ui:28.0.0] AndroidManifest.xml:20:5-44
MERGED from [com.android.support:support-core-ui:28.0.0] AndroidManifest.xml:20:5-44
MERGED from [com.android.support:support-core-utils:28.0.0] AndroidManifest.xml:20:5-44
MERGED from [com.android.support:support-core-utils:28.0.0] AndroidManifest.xml:20:5-44
MERGED from [com.android.support:support-vector-drawable:28.0.0] AndroidManifest.xml:20:5-44
MERGED from [com.android.support:support-vector-drawable:28.0.0] AndroidManifest.xml:20:5-44
MERGED from [com.android.support:transition:28.0.0] AndroidManifest.xml:20:5-44
MERGED from [com.android.support:transition:28.0.0] AndroidManifest.xml:20:5-44
MERGED from [com.android.support:loader:28.0.0] AndroidManifest.xml:20:5-44
MERGED from [com.android.support:loader:28.0.0] AndroidManifest.xml:20:5-44
MERGED from [com.android.support:viewpager:28.0.0] AndroidManifest.xml:20:5-44
MERGED from [com.android.support:viewpager:28.0.0] AndroidManifest.xml:20:5-44
MERGED from [com.android.support:coordinatorlayout:28.0.0] AndroidManifest.xml:20:5-44
MERGED from [com.android.support:coordinatorlayout:28.0.0] AndroidManifest.xml:20:5-44
MERGED from [com.android.support:drawerlayout:28.0.0] AndroidManifest.xml:20:5-44
MERGED from [com.android.support:drawerlayout:28.0.0] AndroidManifest.xml:20:5-44
MERGED from [com.android.support:slidingpanelayout:28.0.0] AndroidManifest.xml:20:5-44
MERGED from [com.android.support:slidingpanelayout:28.0.0] AndroidManifest.xml:20:5-44
MERGED from [com.android.support:customview:28.0.0] AndroidManifest.xml:20:5-44
MERGED from [com.android.support:customview:28.0.0] AndroidManifest.xml:20:5-44
MERGED from [com.android.support:swiperefreshlayout:28.0.0] AndroidManifest.xml:20:5-44
MERGED from [com.android.support:swiperefreshlayout:28.0.0] AndroidManifest.xml:20:5-44
MERGED from [com.android.support:asynclayoutinflater:28.0.0] AndroidManifest.xml:20:5-44
MERGED from [com.android.support:asynclayoutinflater:28.0.0] AndroidManifest.xml:20:5-44
MERGED from [com.android.support:support-compat:28.0.0] AndroidManifest.xml:20:5-44
MERGED from [com.android.support:support-compat:28.0.0] AndroidManifest.xml:20:5-44
MERGED from [com.android.support:versionedparcelable:28.0.0] AndroidManifest.xml:20:5-44
MERGED from [com.android.support:versionedparcelable:28.0.0] AndroidManifest.xml:20:5-44
MERGED from [com.android.support:cursoradapter:28.0.0] AndroidManifest.xml:20:5-44
MERGED from [com.android.support:cursoradapter:28.0.0] AndroidManifest.xml:20:5-44
MERGED from [com.android.support:cardview-v7:28.0.0] AndroidManifest.xml:20:5-44
MERGED from [com.android.support:cardview-v7:28.0.0] AndroidManifest.xml:20:5-44
MERGED from [android.arch.lifecycle:runtime:1.1.1] AndroidManifest.xml:20:5-44
MERGED from [android.arch.lifecycle:runtime:1.1.1] AndroidManifest.xml:20:5-44
MERGED from [com.android.support:documentfile:28.0.0] AndroidManifest.xml:20:5-44
MERGED from [com.android.support:documentfile:28.0.0] AndroidManifest.xml:20:5-44
MERGED from [com.android.support:localbroadcastmanager:28.0.0] AndroidManifest.xml:20:5-44
MERGED from [com.android.support:localbroadcastmanager:28.0.0] AndroidManifest.xml:20:5-44
MERGED from [com.android.support:print:28.0.0] AndroidManifest.xml:20:5-44
MERGED from [com.android.support:print:28.0.0] AndroidManifest.xml:20:5-44
MERGED from [com.android.support:interpolator:28.0.0] AndroidManifest.xml:20:5-44
MERGED from [com.android.support:interpolator:28.0.0] AndroidManifest.xml:20:5-44
MERGED from [android.arch.lifecycle:viewmodel:1.1.1] AndroidManifest.xml:20:5-44
MERGED from [android.arch.lifecycle:viewmodel:1.1.1] AndroidManifest.xml:20:5-44
MERGED from [android.arch.lifecycle:livedata:1.1.1] AndroidManifest.xml:20:5-44
MERGED from [android.arch.lifecycle:livedata:1.1.1] AndroidManifest.xml:20:5-44
MERGED from [android.arch.lifecycle:livedata-core:1.1.1] AndroidManifest.xml:20:5-44
MERGED from [android.arch.lifecycle:livedata-core:1.1.1] AndroidManifest.xml:20:5-44
MERGED from [android.arch.core:runtime:1.1.1] AndroidManifest.xml:20:5-44
MERGED from [android.arch.core:runtime:1.1.1] AndroidManifest.xml:20:5-44
INJECTED from src\main\AndroidManifest.xml
INJECTED from src\main\AndroidManifest.xml
	android:targetSdkVersion
		INJECTED from src\main\AndroidManifest.xml
		ADDED from src\main\AndroidManifest.xml
		INJECTED from src\main\AndroidManifest.xml
	android:minSdkVersion
		INJECTED from src\main\AndroidManifest.xml
		ADDED from src\main\AndroidManifest.xml
		MERGED from src\main\AndroidManifest.xml
		MERGED from src\main\AndroidManifest.xml
		MERGED from src\main\AndroidManifest.xml
		MERGED from src\main\AndroidManifest.xml
		MERGED from src\main\AndroidManifest.xml
		MERGED from src\main\AndroidManifest.xml
		MERGED from src\main\AndroidManifest.xml
		INJECTED from src\main\AndroidManifest.xml
uses-permission#android.permission.WAKE_LOCK
ADDED from [net.gotev:uploadservice:3.4.2] AndroidManifest.xml:14:5-68
MERGED from [:nativescript_background_http:] AndroidManifest.xml:12:5-68
MERGED from [:nativescript_background_http:] AndroidManifest.xml:12:5-68
	android:name
		ADDED from [net.gotev:uploadservice:3.4.2] AndroidManifest.xml:14:22-65
service#net.gotev.uploadservice.UploadService
ADDED from [net.gotev:uploadservice:3.4.2] AndroidManifest.xml:17:9-21:19
	android:enabled
		ADDED from [net.gotev:uploadservice:3.4.2] AndroidManifest.xml:19:13-35
	android:exported
		ADDED from [net.gotev:uploadservice:3.4.2] AndroidManifest.xml:20:13-37
	android:name
		ADDED from [net.gotev:uploadservice:3.4.2] AndroidManifest.xml:18:13-65
service#co.fitcom.fancydownloader.ManagerService
ADDED from [co.fitcom:fancydownloader:0.6.3] AndroidManifest.xml:16:9-18:48
	android:label
		ADDED from [co.fitcom:fancydownloader:0.6.3] AndroidManifest.xml:18:13-45
	android:name
		ADDED from [co.fitcom:fancydownloader:0.6.3] AndroidManifest.xml:17:13-68
uses-permission#android.permission.FOREGROUND_SERVICE
ADDED from [:nativescript_background_http:] AndroidManifest.xml:9:5-77
	android:name
		ADDED from [:nativescript_background_http:] AndroidManifest.xml:9:22-74
service#com.alexbbb.uploadservice.UploadService
ADDED from [:nativescript_background_http:] AndroidManifest.xml:15:9-22:19
	android:enabled
		ADDED from [:nativescript_background_http:] AndroidManifest.xml:17:13-35
	android:exported
		ADDED from [:nativescript_background_http:] AndroidManifest.xml:18:13-37
	android:name
		ADDED from [:nativescript_background_http:] AndroidManifest.xml:16:13-67
intent-filter#action:name:org.nativescript.imagepicker.uploadservice.action.upload
ADDED from [:nativescript_background_http:] AndroidManifest.xml:19:13-21:29
action#org.nativescript.imagepicker.uploadservice.action.upload
ADDED from [:nativescript_background_http:] AndroidManifest.xml:20:17-99
	android:name
		ADDED from [:nativescript_background_http:] AndroidManifest.xml:20:25-96
uses-permission#android.permission.BLUETOOTH
ADDED from [:nativescript_bluetooth:] AndroidManifest.xml:9:5-68
	android:name
		ADDED from [:nativescript_bluetooth:] AndroidManifest.xml:9:22-65
uses-permission#android.permission.BLUETOOTH_ADMIN
ADDED from [:nativescript_bluetooth:] AndroidManifest.xml:10:5-74
	android:name
		ADDED from [:nativescript_bluetooth:] AndroidManifest.xml:10:22-71
uses-feature#android.hardware.bluetooth_le
ADDED from [:nativescript_bluetooth:] AndroidManifest.xml:13:5-15:36
	android:required
		ADDED from [:nativescript_bluetooth:] AndroidManifest.xml:15:9-33
	android:name
		ADDED from [:nativescript_bluetooth:] AndroidManifest.xml:14:9-53
uses-permission#android.permission.CAMERA
ADDED from [:nativescript_camera:] AndroidManifest.xml:10:5-65
	android:name
		ADDED from [:nativescript_camera:] AndroidManifest.xml:10:22-62
provider#android.support.v4.content.FileProvider
ADDED from [:nativescript_camera:] AndroidManifest.xml:13:9-22:20
	android:grantUriPermissions
		ADDED from [:nativescript_camera:] AndroidManifest.xml:17:13-47
	android:authorities
		ADDED from [:nativescript_camera:] AndroidManifest.xml:15:13-60
	android:exported
		ADDED from [:nativescript_camera:] AndroidManifest.xml:16:13-37
	android:name
		ADDED from [:nativescript_camera:] AndroidManifest.xml:14:13-67
meta-data#android.support.FILE_PROVIDER_PATHS
ADDED from [:nativescript_camera:] AndroidManifest.xml:18:13-21:52
	android:resource
		ADDED from [:nativescript_camera:] AndroidManifest.xml:20:17-55
	tools:replace
		ADDED from [:nativescript_camera:] AndroidManifest.xml:21:17-49
	android:name
		ADDED from [:nativescript_camera:] AndroidManifest.xml:19:17-67
uses-permission#android.permission.VIBRATE
ADDED from [:nativescript_vibrate:] AndroidManifest.xml:9:5-66
	android:name
		ADDED from [:nativescript_vibrate:] AndroidManifest.xml:9:22-63